#
# There is insufficient memory for the Java Runtime Environment to continue.
# Native memory allocation (malloc) failed to allocate 1048576 bytes for AllocateHeap
# Possible reasons:
#   The system is out of physical RAM or swap space
#   The process is running with CompressedOops enabled, and the Java Heap may be blocking the growth of the native heap
# Possible solutions:
#   Reduce memory load on the system
#   Increase physical memory or swap space
#   Check if swap backing store is full
#   Decrease Java heap size (-Xmx/-Xms)
#   Decrease number of Java threads
#   Decrease Java thread stack sizes (-Xss)
#   Set larger code cache with -XX:ReservedCodeCacheSize=
#   JVM is running with Unscaled Compressed Oops mode in which the Java heap is
#     placed in the first 4GB address space. The Java Heap base address is the
#     maximum limit for the native heap growth. Please use -XX:HeapBaseMinAddress
#     to set the Java Heap base and to place the Java Heap above 4GB virtual address.
# This output file may be truncated or incomplete.
#
#  Out of Memory Error (memory/allocation.inline.hpp:61), pid=27156, tid=0x0000000000001fe4
#
# JRE version:  (8.0_261-b12) (build )
# Java VM: Java HotSpot(TM) 64-Bit Server VM (25.261-b12 mixed mode windows-amd64 compressed oops)
# Failed to write core dump. Minidumps are not enabled by default on client versions of Windows
#

---------------  T H R E A D  ---------------

Current thread (0x000002c56c3de000):  JavaThread "Unknown thread" [_thread_in_vm, id=8164, stack(0x000000e0f6a00000,0x000000e0f6b00000)]

Stack: [0x000000e0f6a00000,0x000000e0f6b00000]
Native frames: (J=compiled Java code, j=interpreted, Vv=VM code, C=native code)
V  [jvm.dll+0x33e5f9]
V  [jvm.dll+0x2850e2]
V  [jvm.dll+0x285d8d]
V  [jvm.dll+0x27c895]
V  [jvm.dll+0x1565d]
V  [jvm.dll+0x3d9117]
V  [jvm.dll+0x3d5557]
V  [jvm.dll+0x10c61f]
V  [jvm.dll+0x21a00b]
V  [jvm.dll+0x248687]
V  [jvm.dll+0x172116]
C  [javaw.exe+0x2322]
C  [javaw.exe+0x16564]
C  [KERNEL32.DLL+0x174b4]
C  [ntdll.dll+0x526a1]


---------------  P R O C E S S  ---------------

Java Threads: ( => current thread )

Other Threads:

=>0x000002c56c3de000 (exited) JavaThread "Unknown thread" [_thread_in_vm, id=8164, stack(0x000000e0f6a00000,0x000000e0f6b00000)]

VM state:not at safepoint (normal execution)

VM Mutex/Monitor currently owned by a thread: None

heap address: 0x0000000081600000, size: 2026 MB, Compressed Oops mode: 32-bit
Narrow klass base: 0x0000000000000000, Narrow klass shift: 3
Compressed class space size: 1073741824 Address: 0x0000000100000000

Heap:
 PSYoungGen      total 38400K, used 665K [0x00000000d5d00000, 0x00000000d8780000, 0x0000000100000000)
  eden space 33280K, 2% used [0x00000000d5d00000,0x00000000d5da6670,0x00000000d7d80000)
  from space 5120K, 0% used [0x00000000d8280000,0x00000000d8280000,0x00000000d8780000)
  to   space 5120K, 0% used [0x00000000d7d80000,0x00000000d7d80000,0x00000000d8280000)
 ParOldGen       total 87552K, used 0K [0x0000000081600000, 0x0000000086b80000, 0x00000000d5d00000)
  object space 87552K, 0% used [0x0000000081600000,0x0000000081600000,0x0000000086b80000)
 Metaspace       used 776K, capacity 4480K, committed 4480K, reserved 1056768K
  class space    used 76K, capacity 384K, committed 384K, reserved 1048576K

Card table byte_map: [0x000002c57d160000,0x000002c57d560000] byte_map_base: 0x000002c57cd55000

Marking Bits: (ParMarkBitMap*) 0x000000005efd4fb0
 Begin Bits: [0x000002c500000000, 0x000002c501fa8000)
 End Bits:   [0x000002c501fa8000, 0x000002c503f50000)

Polling page: 0x000002c56dd70000

CodeCache: size=245760Kb used=328Kb max_used=328Kb free=245431Kb
 bounds [0x000002c56dda0000, 0x000002c56e010000, 0x000002c57cda0000]
 total_blobs=58 nmethods=0 adapters=38
 compilation: enabled

Compilation events (0 events):
No events

GC Heap History (0 events):
No events

Deoptimization events (0 events):
No events

Classes redefined (0 events):
No events

Internal exceptions (0 events):
No events

Events (10 events):
Event: 0.026 loading class java/lang/Short
Event: 0.026 loading class java/lang/Short done
Event: 0.026 loading class java/lang/Integer
Event: 0.026 loading class java/lang/Integer done
Event: 0.026 loading class java/lang/Long
Event: 0.026 loading class java/lang/Long done
Event: 0.027 loading class java/lang/NullPointerException
Event: 0.027 loading class java/lang/NullPointerException done
Event: 0.027 loading class java/lang/ArithmeticException
Event: 0.027 loading class java/lang/ArithmeticException done


Dynamic libraries:
0x00007ff747d50000 - 0x00007ff747d97000 	C:\dev\jdk1.8.0_261\bin\javaw.exe
0x00007ffec5510000 - 0x00007ffec5708000 	C:\WINDOWS\SYSTEM32\ntdll.dll
0x00007ffebd110000 - 0x00007ffebd127000 	C:\Program Files\Avast Software\Avast\aswhook.dll
0x00007ffec41d0000 - 0x00007ffec428f000 	C:\WINDOWS\System32\KERNEL32.DLL
0x00007ffec3070000 - 0x00007ffec3342000 	C:\WINDOWS\System32\KERNELBASE.dll
0x00007ffec3ca0000 - 0x00007ffec3d4e000 	C:\WINDOWS\System32\ADVAPI32.dll
0x00007ffec3600000 - 0x00007ffec369e000 	C:\WINDOWS\System32\msvcrt.dll
0x00007ffec4130000 - 0x00007ffec41cc000 	C:\WINDOWS\System32\sechost.dll
0x00007ffec4bd0000 - 0x00007ffec4cf5000 	C:\WINDOWS\System32\RPCRT4.dll
0x00007ffec37d0000 - 0x00007ffec396d000 	C:\WINDOWS\System32\USER32.dll
0x00007ffec2f10000 - 0x00007ffec2f32000 	C:\WINDOWS\System32\win32u.dll
0x00007ffec4d00000 - 0x00007ffec4d2b000 	C:\WINDOWS\System32\GDI32.dll
0x00007ffec3350000 - 0x00007ffec345f000 	C:\WINDOWS\System32\gdi32full.dll
0x00007ffec2e70000 - 0x00007ffec2f0d000 	C:\WINDOWS\System32\msvcp_win.dll
0x00007ffec3460000 - 0x00007ffec3560000 	C:\WINDOWS\System32\ucrtbase.dll
0x00007ffea64b0000 - 0x00007ffea674a000 	C:\WINDOWS\WinSxS\amd64_microsoft.windows.common-controls_6595b64144ccf1df_6.0.19041.1110_none_60b5254171f9507e\COMCTL32.dll
0x00007ffec3560000 - 0x00007ffec3592000 	C:\WINDOWS\System32\IMM32.DLL
0x00007ffebf990000 - 0x00007ffebf9a5000 	C:\dev\jdk1.8.0_261\jre\bin\vcruntime140.dll
0x00007ffeb2e50000 - 0x00007ffeb2eeb000 	C:\dev\jdk1.8.0_261\jre\bin\msvcp140.dll
0x000000005e7e0000 - 0x000000005f04c000 	C:\dev\jdk1.8.0_261\jre\bin\server\jvm.dll
0x00007ffec49f0000 - 0x00007ffec49f8000 	C:\WINDOWS\System32\PSAPI.DLL
0x00007ffebf6c0000 - 0x00007ffebf6e7000 	C:\WINDOWS\SYSTEM32\WINMM.dll
0x00007ffebd5b0000 - 0x00007ffebd5ba000 	C:\WINDOWS\SYSTEM32\VERSION.dll
0x00007ffeb3f40000 - 0x00007ffeb3f49000 	C:\WINDOWS\SYSTEM32\WSOCK32.dll
0x00007ffec40c0000 - 0x00007ffec412b000 	C:\WINDOWS\System32\WS2_32.dll
0x00007ffec0a90000 - 0x00007ffec0aa2000 	C:\WINDOWS\SYSTEM32\kernel.appcore.dll
0x00007ffec0450000 - 0x00007ffec0460000 	C:\dev\jdk1.8.0_261\jre\bin\verify.dll
0x00007ffeb6650000 - 0x00007ffeb667b000 	C:\dev\jdk1.8.0_261\jre\bin\java.dll
0x00007ffebbc70000 - 0x00007ffebbc88000 	C:\dev\jdk1.8.0_261\jre\bin\zip.dll
0x00007ffeb9370000 - 0x00007ffeb9554000 	C:\WINDOWS\SYSTEM32\dbghelp.dll
0x00007ffec2c10000 - 0x00007ffec2c92000 	C:\WINDOWS\System32\bcryptPrimitives.dll

VM Arguments:
jvm_args: -Dfile.encoding=windows-1252 
java_command: examenSwing_RamosBlanquezPablo.Main
java_class_path (initial): C:\dev\workspace\examenSwing_RamosBlanquezPablo\bin
Launcher Type: SUN_STANDARD

Environment Variables:
PATH=C:\Program Files\Common Files\Oracle\Java\javapath;C:\WINDOWS\system32;C:\WINDOWS;C:\WINDOWS\System32\Wbem;C:\WINDOWS\System32\WindowsPowerShell\v1.0\;C:\WINDOWS\System32\OpenSSH\;C:\Program Files\MySQL\MySQL Shell 8.0\bin\;C:\Users\pablo\AppData\Local\Microsoft\WindowsApps;;C:\Users\pablo\AppData\Local\Programs\Microsoft VS Code\bin
USERNAME=pablo
OS=Windows_NT
PROCESSOR_IDENTIFIER=Intel64 Family 6 Model 142 Stepping 9, GenuineIntel



---------------  S Y S T E M  ---------------

OS: Windows 10.0 , 64 bit Build 19041 (10.0.19041.2251)

CPU:total 4 (initial active 4) (2 cores per cpu, 2 threads per core) family 6 model 142 stepping 9, cmov, cx8, fxsr, mmx, sse, sse2, sse3, ssse3, sse4.1, sse4.2, popcnt, avx, avx2, aes, clmul, erms, 3dnowpref, lzcnt, ht, tsc, tscinvbit, bmi1, bmi2, adx

Memory: 4k page, physical 8295652k(1680908k free), swap 33461476k(5652k free)

vm_info: Java HotSpot(TM) 64-Bit Server VM (25.261-b12) for windows-amd64 JRE (1.8.0_261-b12), built on Jun 18 2020 06:56:32 by "" with unknown MS VC++:1916

time: Tue Nov 29 12:10:34 2022
timezone: Hora estándar romance
elapsed time: 0 seconds (0d 0h 0m 0s)

